<?xml version="1.0" encoding="UTF-8"?>
<testng-results skipped="0" failed="0" total="1" passed="1">
  <reporter-output>
  </reporter-output>
  <suite name="Command line suite" duration-ms="77" started-at="2019-04-20T11:30:02Z" finished-at="2019-04-20T11:30:02Z">
    <groups>
    </groups>
    <test name="Command line test" duration-ms="77" started-at="2019-04-20T11:30:02Z" finished-at="2019-04-20T11:30:02Z">
      <class name="PhpTravels.PhpTravelsAutomation.AppTest">
        <test-method status="PASS" signature="testApp()[pri:0, instance:testApp(PhpTravels.PhpTravelsAutomation.AppTest)]" name="testApp" duration-ms="8" started-at="2019-04-20T04:30:02Z" finished-at="2019-04-20T04:30:02Z">
          <reporter-output>
          </reporter-output>
        </test-method> <!-- testApp -->
      </class> <!-- PhpTravels.PhpTravelsAutomation.AppTest -->
    </test> <!-- Command line test -->
  </suite> <!-- Command line suite -->
</testng-results>
