<?xml version="1.0" encoding="UTF-8"?>
<testng-results skipped="0" failed="0" total="1" passed="1">
  <reporter-output>
  </reporter-output>
  <suite name="Command line suite" duration-ms="15" started-at="2019-04-18T14:38:06Z" finished-at="2019-04-18T14:38:06Z">
    <groups>
    </groups>
    <test name="Command line test" duration-ms="15" started-at="2019-04-18T14:38:06Z" finished-at="2019-04-18T14:38:06Z">
      <class name="PhpTravels.PhpTravelsAutomation.AppTest">
        <test-method status="PASS" signature="testApp()[pri:0, instance:testApp(PhpTravels.PhpTravelsAutomation.AppTest)]" name="testApp" duration-ms="4" started-at="2019-04-18T07:38:06Z" finished-at="2019-04-18T07:38:06Z">
          <reporter-output>
          </reporter-output>
        </test-method> <!-- testApp -->
      </class> <!-- PhpTravels.PhpTravelsAutomation.AppTest -->
    </test> <!-- Command line test -->
  </suite> <!-- Command line suite -->
</testng-results>
