<?xml version="1.0" encoding="UTF-8"?>
<!-- Generated by org.testng.reporters.JUnitXMLReporter -->
<testsuite hostname="hp" name="Test2" tests="7" failures="0" timestamp="21 Apr 2019 08:08:35 GMT" time="68.01" errors="0">
  <testcase name="InvalidLogin" time="16.477" classname="ActualTests.AuthenticationTest"/>
  <testcase name="Invalidlogin2" time="3.453" classname="ActualTests.AuthenticationTest"/>
  <testcase name="Invalidlogin3" time="12.862" classname="ActualTests.AuthenticationTest"/>
  <testcase name="Invaliglogin4" time="5.292" classname="ActualTests.AuthenticationTest"/>
  <testcase name="Postivelogin" time="12.56" classname="ActualTests.AuthenticationTest"/>
  <testcase name="forgotpasswordtest1" time="7.331" classname="ActualTests.AuthenticationTest"/>
  <testcase name="forgotpasswordtest2" time="6.953" classname="ActualTests.AuthenticationTest"/>
</testsuite> <!-- Test2 -->
