<?xml version="1.0" encoding="UTF-8"?>
<!-- Generated by org.testng.reporters.JUnitXMLReporter -->
<testsuite hostname="hp" name="TestRegression" tests="9" failures="9" timestamp="20 Apr 2019 11:57:38 GMT" time="0.152" errors="0">
  <testcase name="InvalidLogin" time="0.021" classname="ActualTests.AuthenticationTest">
    <failure type="java.lang.NullPointerException">
      <![CDATA[java.lang.NullPointerException
	at ActualTests.AuthenticationTest.InvalidLogin(AuthenticationTest.java:48)
... Removed 24 stack frames]]>
    </failure>
  </testcase> <!-- InvalidLogin -->
  <testcase name="Invalidlogin2" time="0.012" classname="ActualTests.AuthenticationTest">
    <failure type="java.lang.NullPointerException">
      <![CDATA[java.lang.NullPointerException
	at ActualTests.AuthenticationTest.Invalidlogin2(AuthenticationTest.java:68)
... Removed 24 stack frames]]>
    </failure>
  </testcase> <!-- Invalidlogin2 -->
  <testcase name="Invalidlogin3" time="0.004" classname="ActualTests.AuthenticationTest">
    <failure type="java.lang.NullPointerException">
      <![CDATA[java.lang.NullPointerException
	at ActualTests.AuthenticationTest.Invalidlogin3(AuthenticationTest.java:96)
... Removed 24 stack frames]]>
    </failure>
  </testcase> <!-- Invalidlogin3 -->
  <testcase name="Invaliglogin4" time="0.012" classname="ActualTests.AuthenticationTest">
    <failure type="java.lang.NullPointerException">
      <![CDATA[java.lang.NullPointerException
	at ActualTests.AuthenticationTest.Invaliglogin4(AuthenticationTest.java:116)
... Removed 24 stack frames]]>
    </failure>
  </testcase> <!-- Invaliglogin4 -->
  <testcase name="Postivelogin" time="0.008" classname="ActualTests.AuthenticationTest">
    <failure type="java.lang.NullPointerException">
      <![CDATA[java.lang.NullPointerException
	at ActualTests.AuthenticationTest.Postivelogin(AuthenticationTest.java:30)
... Removed 24 stack frames]]>
    </failure>
  </testcase> <!-- Postivelogin -->
  <testcase name="forgotpasswordtest1" time="0.008" classname="ActualTests.AuthenticationTest">
    <failure type="java.lang.NullPointerException">
      <![CDATA[java.lang.NullPointerException
	at ActualTests.AuthenticationTest.forgotpasswordtest1(AuthenticationTest.java:140)
... Removed 24 stack frames]]>
    </failure>
  </testcase> <!-- forgotpasswordtest1 -->
  <testcase name="forgotpasswordtest2" time="0.005" classname="ActualTests.AuthenticationTest">
    <failure type="java.lang.NullPointerException">
      <![CDATA[java.lang.NullPointerException
	at ActualTests.AuthenticationTest.forgotpasswordtest2(AuthenticationTest.java:161)
... Removed 24 stack frames]]>
    </failure>
  </testcase> <!-- forgotpasswordtest2 -->
  <testcase name="Ordering" time="0.002" classname="ActualTests.BookingTest">
    <failure type="java.lang.NullPointerException">
      <![CDATA[java.lang.NullPointerException
	at ActualTests.BookingTest.Ordering(BookingTest.java:40)
... Removed 24 stack frames]]>
    </failure>
  </testcase> <!-- Ordering -->
  <testcase name="MyaccountAlllinksverification" time="0.008" classname="ActualTests.myaccountTest">
    <failure type="java.lang.NullPointerException">
      <![CDATA[java.lang.NullPointerException
	at ActualTests.myaccountTest.MyaccountAlllinksverification(myaccountTest.java:32)
... Removed 24 stack frames]]>
    </failure>
  </testcase> <!-- MyaccountAlllinksverification -->
</testsuite> <!-- TestRegression -->
