<?xml version="1.0" encoding="UTF-8"?>
<testng-results skipped="0" failed="0" total="0" passed="0">
  <reporter-output>
  </reporter-output>
  <suite name="PhpTravels.PhpTravelsAutomation.AppTest" duration-ms="5" started-at="2019-04-02T05:20:40Z" finished-at="2019-04-02T05:20:40Z">
    <groups>
    </groups>
    <test name="Command line test" duration-ms="5" started-at="2019-04-02T05:20:40Z" finished-at="2019-04-02T05:20:40Z">
    </test> <!-- Command line test -->
  </suite> <!-- PhpTravels.PhpTravelsAutomation.AppTest -->
</testng-results>
