<?xml version="1.0" encoding="UTF-8"?>
<testng-results skipped="0" failed="0" total="2" passed="2">
  <reporter-output>
  </reporter-output>
  <suite name="Default suite" duration-ms="65722" started-at="2019-04-23T16:33:08Z" finished-at="2019-04-23T16:34:14Z">
    <groups>
      <group name="Regression">
        <method signature="AdvancedsearchTest.Advancedsearch()[pri:0, instance:ActualTests.AdvancedsearchTest@548a9f61]" name="Advancedsearch" class="ActualTests.AdvancedsearchTest"/>
      </group> <!-- Regression -->
    </groups>
    <test name="Default test" duration-ms="65722" started-at="2019-04-23T16:33:08Z" finished-at="2019-04-23T16:34:14Z">
      <class name="ActualTests.AdvancedsearchTest">
        <test-method status="PASS" signature="driverStart()[pri:0, instance:ActualTests.AdvancedsearchTest@548a9f61]" name="driverStart" is-config="true" duration-ms="7714" started-at="2019-04-23T09:33:08Z" finished-at="2019-04-23T09:33:16Z">
          <reporter-output>
          </reporter-output>
        </test-method> <!-- driverStart -->
        <test-method status="PASS" signature="Advancedsearch()[pri:0, instance:ActualTests.AdvancedsearchTest@548a9f61]" name="Advancedsearch" duration-ms="47330" started-at="2019-04-23T09:33:16Z" finished-at="2019-04-23T09:34:03Z">
          <reporter-output>
          </reporter-output>
        </test-method> <!-- Advancedsearch -->
        <test-method status="PASS" signature="helplink()[pri:0, instance:ActualTests.AdvancedsearchTest@548a9f61]" name="helplink" duration-ms="10427" started-at="2019-04-23T09:34:03Z" finished-at="2019-04-23T09:34:14Z">
          <reporter-output>
          </reporter-output>
        </test-method> <!-- helplink -->
        <test-method status="PASS" signature="Exit()[pri:0, instance:ActualTests.AdvancedsearchTest@548a9f61]" name="Exit" is-config="true" duration-ms="121" started-at="2019-04-23T09:34:14Z" finished-at="2019-04-23T09:34:14Z">
          <reporter-output>
          </reporter-output>
        </test-method> <!-- Exit -->
      </class> <!-- ActualTests.AdvancedsearchTest -->
    </test> <!-- Default test -->
  </suite> <!-- Default suite -->
</testng-results>
